<?xml version="1.0" encoding="UTF-8"?>
<!-- Generated by org.testng.reporters.JUnitXMLReporter -->
<testsuite ignored="0" hostname="Pallavi-Sadhus-MacBook-Air.local" failures="0" tests="3" name="Default test" time="7.54" errors="0" timestamp="2022-12-20T22:19:24 CST">
  <testcase classname="tests.UtilityTest" name="selectCheckBox" time="0.08"/>
  <testcase classname="tests.UtilityTest" name="selectFromDropdown" time="0.265"/>
  <testcase classname="tests.UtilityTest" name="selectRadioButton" time="0.076"/>
</testsuite> <!-- Default test -->
