<?xml version="1.0" encoding="UTF-8"?>
<testng-results ignored="0" total="6" passed="6" failed="0" skipped="0">
  <reporter-output>
  </reporter-output>
  <suite started-at="2022-12-21T08:29:50 CST" name="Suite" finished-at="2022-12-21T08:30:23 CST" duration-ms="32776">
    <groups>
    </groups>
    <test started-at="2022-12-21T08:29:50 CST" name="Test" finished-at="2022-12-21T08:30:23 CST" duration-ms="32776">
      <class name="tests.UtilityTest">
        <test-method is-config="true" signature="setUp()[pri:0, instance:tests.UtilityTest@27406a17]" started-at="2022-12-21T08:29:50 CST" name="setUp" finished-at="2022-12-21T08:30:22 CST" duration-ms="31415" status="PASS">
          <reporter-output>
          </reporter-output>
        </test-method> <!-- setUp -->
        <test-method signature="selectCheckBox()[pri:0, instance:tests.UtilityTest@27406a17]" started-at="2022-12-21T08:30:22 CST" name="selectCheckBox" finished-at="2022-12-21T08:30:22 CST" duration-ms="152" status="PASS">
          <reporter-output>
          </reporter-output>
        </test-method> <!-- selectCheckBox -->
        <test-method signature="selectFromDropdown1()[pri:0, instance:tests.UtilityTest@27406a17]" started-at="2022-12-21T08:30:22 CST" name="selectFromDropdown1" finished-at="2022-12-21T08:30:22 CST" duration-ms="325" status="PASS">
          <reporter-output>
          </reporter-output>
        </test-method> <!-- selectFromDropdown1 -->
        <test-method signature="selectFromDropdown2()[pri:0, instance:tests.UtilityTest@27406a17]" started-at="2022-12-21T08:30:22 CST" name="selectFromDropdown2" finished-at="2022-12-21T08:30:22 CST" duration-ms="94" status="PASS">
          <reporter-output>
          </reporter-output>
        </test-method> <!-- selectFromDropdown2 -->
        <test-method signature="selectFromDropdown3()[pri:0, instance:tests.UtilityTest@27406a17]" started-at="2022-12-21T08:30:22 CST" name="selectFromDropdown3" finished-at="2022-12-21T08:30:23 CST" duration-ms="138" status="PASS">
          <reporter-output>
          </reporter-output>
        </test-method> <!-- selectFromDropdown3 -->
        <test-method signature="selectFromDropdown4()[pri:0, instance:tests.UtilityTest@27406a17]" started-at="2022-12-21T08:30:23 CST" name="selectFromDropdown4" finished-at="2022-12-21T08:30:23 CST" duration-ms="150" status="PASS">
          <reporter-output>
          </reporter-output>
        </test-method> <!-- selectFromDropdown4 -->
        <test-method signature="selectRadioButton()[pri:0, instance:tests.UtilityTest@27406a17]" started-at="2022-12-21T08:30:23 CST" name="selectRadioButton" finished-at="2022-12-21T08:30:23 CST" duration-ms="92" status="PASS">
          <reporter-output>
          </reporter-output>
        </test-method> <!-- selectRadioButton -->
        <test-method is-config="true" signature="tearDown()[pri:0, instance:tests.UtilityTest@27406a17]" started-at="2022-12-21T08:30:23 CST" name="tearDown" finished-at="2022-12-21T08:30:23 CST" duration-ms="247" status="PASS">
          <reporter-output>
          </reporter-output>
        </test-method> <!-- tearDown -->
      </class> <!-- tests.UtilityTest -->
    </test> <!-- Test -->
  </suite> <!-- Suite -->
</testng-results>
