<?xml version="1.0" encoding="UTF-8"?>
<!-- Generated by org.testng.reporters.JUnitXMLReporter -->
<testsuite ignored="0" hostname="Pallavi-Sadhus-MacBook-Air.local" failures="0" tests="6" name="Test" time="32.776" errors="0" timestamp="2022-12-21T08:30:23 CST">
  <testcase classname="tests.UtilityTest" name="selectCheckBox" time="0.152"/>
  <testcase classname="tests.UtilityTest" name="selectFromDropdown1" time="0.325"/>
  <testcase classname="tests.UtilityTest" name="selectFromDropdown2" time="0.094"/>
  <testcase classname="tests.UtilityTest" name="selectFromDropdown3" time="0.138"/>
  <testcase classname="tests.UtilityTest" name="selectFromDropdown4" time="0.15"/>
  <testcase classname="tests.UtilityTest" name="selectRadioButton" time="0.092"/>
</testsuite> <!-- Test -->
